<?xml version="1.0" encoding="UTF-8"?>
<!-- Generated by org.testng.reporters.JUnitReportReporter -->
<testsuite hostname="iris" name="testng.rcaap.SARI.TestExternalScriptsPresent" tests="1" failures="0" timestamp="27 Oct 2016 14:51:29 GMT" time="6.883" errors="0">
  <testcase name="testPlumX" time="6.883" classname="testng.rcaap.SARI.TestExternalScriptsPresent"/>
</testsuite> <!-- testng.rcaap.SARI.TestExternalScriptsPresent -->
